{
  "stats": {
    "suites": 3,
    "tests": 5,
    "passes": 4,
    "pending": 0,
    "failures": 1,
    "start": "2020-03-26T22:28:12.899Z",
    "end": "2020-03-26T22:28:12.899Z",
    "duration": 3321,
    "testsRegistered": 5,
    "passPercent": 80,
    "pendingPercent": 0,
    "other": 0,
    "hasOther": false,
    "skipped": 0,
    "hasSkipped": false
  },
  "results": [
    {
      "uuid": "e5da9665-3bc9-4f45-99f3-bba6254bb9a3",
      "title": "",
      "fullFile": "cypress/integration/API/user.js",
      "file": "cypress/integration/API/user.js",
      "beforeHooks": [],
      "afterHooks": [],
      "tests": [],
      "suites": [
        {
          "uuid": "1ca4af90-39ea-4c3d-aa6f-d79cc3eb0a31",
          "title": "API Tests",
          "fullFile": "",
          "file": "",
          "beforeHooks": [],
          "afterHooks": [],
          "tests": [
            {
              "title": "POST /auth/register - create new user",
              "fullTitle": "API Tests POST /auth/register - create new user",
              "timedOut": null,
              "duration": 209,
              "state": "passed",
              "speed": "slow",
              "pass": true,
              "fail": false,
              "pending": false,
              "context": null,
              "code": "cy.request('POST', \"\".concat(Cypress.config('apiUrl'), \"/auth/user\"), {\n  firstName: 'The',\n  lastName: 'Goat',\n  email: 'theGoat@GOAT.com',\n  password: 'Password1!'\n}).then(function (response) {\n  // response.body is automatically serialized into JSON\n  expect(response.body).to.have.property('firstName', 'The'); // true\n  cy.request('DELETE', \"\".concat(Cypress.config('apiUrl'), \"/auth/user/\").concat(response.body.id));\n});",
              "err": {},
              "uuid": "7c001810-7683-429c-893b-f51832dea206",
              "parentUUID": "1ca4af90-39ea-4c3d-aa6f-d79cc3eb0a31",
              "isHook": false,
              "skipped": false
            },
            {
              "title": "PUT /auth/user/:id - update a user",
              "fullTitle": "API Tests PUT /auth/user/:id - update a user",
              "timedOut": null,
              "duration": 472,
              "state": "failed",
              "speed": null,
              "pass": false,
              "fail": true,
              "pending": false,
              "context": null,
              "code": "cy.request('POST', \"\".concat(Cypress.config('apiUrl'), \"/auth/user\"), {\n  firstName: 'adff',\n  lastName: 'reee',\n  email: 'ranom',\n  password: 'Password1!'\n}).then(function (response) {\n  cy.request('PUT', \"\".concat(Cypress.config('apiUrl'), \"/auth/user/\").concat(response.body.id), {\n    firstName: 'anewname'\n  }).then(function (newResponse) {\n    expect(newResponse.status).to.equal(200);\n    cy.request('GET', \"\".concat(Cypress.config('apiUrl'), \"/auth/user/\").concat(response.body.id)).then(function (getRes) {\n      console.log('THE GET RESPONSE____________________ \\n\\r\\n' + getRes);\n      expect(getRes.status).to.equal(200);\n      expect(getRes.body.firstName).to.equal('anewname');\n      cy.request('DELETE', \"\".concat(Cypress.config('apiUrl'), \"/auth/user/\").concat(response.body.id)).then(function (deleteRes) {\n        expect(deleteRes.status).to.equal(200);\n      });\n    });\n  });\n});",
              "err": {
                "message": "AssertionError: expected undefined to equal 'anewname'",
                "estack": "AssertionError: expected undefined to equal 'anewname'\n    at getRet (http://localhost:8081/__cypress/runner/cypress_runner.js:125261:16)\n    at tryCatcher (http://localhost:8081/__cypress/runner/cypress_runner.js:165465:23)\n    at Function.Promise.attempt.Promise.try (http://localhost:8081/__cypress/runner/cypress_runner.js:162740:29)\n    at Context.thenFn (http://localhost:8081/__cypress/runner/cypress_runner.js:125275:23)\n    at Context.then (http://localhost:8081/__cypress/runner/cypress_runner.js:125647:21)\n    at Context.<anonymous> (http://localhost:8081/__cypress/runner/cypress_runner.js:137585:21)\n    at http://localhost:8081/__cypress/runner/cypress_runner.js:137061:33\n    at tryCatcher (http://localhost:8081/__cypress/runner/cypress_runner.js:165465:23)\n    at Promise._settlePromiseFromHandler (http://localhost:8081/__cypress/runner/cypress_runner.js:163401:31)\n    at Promise._settlePromise (http://localhost:8081/__cypress/runner/cypress_runner.js:163458:18)\n    at Promise._settlePromiseCtx (http://localhost:8081/__cypress/runner/cypress_runner.js:163495:10)\n    at Async../node_modules/bluebird/js/release/async.js.Async._drainQueue (http://localhost:8081/__cypress/runner/cypress_runner.js:160195:12)\n    at Async../node_modules/bluebird/js/release/async.js.Async._drainQueues (http://localhost:8081/__cypress/runner/cypress_runner.js:160200:10)\n    at Async.drainQueues (http://localhost:8081/__cypress/runner/cypress_runner.js:160074:14)",
                "diff": null
              },
              "uuid": "9f2e4392-5349-4574-b07f-a6d42f25da27",
              "parentUUID": "1ca4af90-39ea-4c3d-aa6f-d79cc3eb0a31",
              "isHook": false,
              "skipped": false
            }
          ],
          "suites": [],
          "passes": [
            "7c001810-7683-429c-893b-f51832dea206"
          ],
          "failures": [
            "9f2e4392-5349-4574-b07f-a6d42f25da27"
          ],
          "pending": [],
          "skipped": [],
          "duration": 681,
          "root": false,
          "rootEmpty": false,
          "_timeout": 2000
        }
      ],
      "passes": [],
      "failures": [],
      "pending": [],
      "skipped": [],
      "duration": 0,
      "root": true,
      "rootEmpty": true,
      "_timeout": 2000
    },
    {
      "uuid": "3eeb4d7a-36c3-4300-8224-0de810e6713a",
      "title": "",
      "fullFile": "cypress/integration/E2E/Registration/register1.js",
      "file": "cypress/integration/E2E/Registration/register1.js",
      "beforeHooks": [],
      "afterHooks": [],
      "tests": [],
      "suites": [
        {
          "uuid": "29ede591-e423-41d5-bf6c-cba2e0b112d8",
          "title": "register",
          "fullFile": "",
          "file": "",
          "beforeHooks": [],
          "afterHooks": [],
          "tests": [
            {
              "title": "User can visit registration page",
              "fullTitle": "register User can visit registration page",
              "timedOut": null,
              "duration": 934,
              "state": "passed",
              "speed": "slow",
              "pass": true,
              "fail": false,
              "pending": false,
              "context": null,
              "code": "cy.visit('/register');",
              "err": {},
              "uuid": "5cb8066c-ccdf-439c-9c55-f00ff863bb3e",
              "parentUUID": "29ede591-e423-41d5-bf6c-cba2e0b112d8",
              "isHook": false,
              "skipped": false
            },
            {
              "title": "Can register a new a user",
              "fullTitle": "register Can register a new a user",
              "timedOut": null,
              "duration": 1671,
              "state": "passed",
              "speed": "slow",
              "pass": true,
              "fail": false,
              "pending": false,
              "context": null,
              "code": "var firstName = 'Charles';\nvar lastName = 'Brady';\nvar email = 'theGoat@gmail.com';\nvar password = 'Password1!';\ncy.visit('/registration'); // Fill out form\ncy.get(_registration[\"default\"].FIRST_NAME).type(firstName);\ncy.get(_registration[\"default\"].LAST_NAME).type(lastName);\ncy.get(_registration[\"default\"].EMAIL).type(email);\ncy.get(_registration[\"default\"].PASSWORD).type(password);\ncy.get(_registration[\"default\"].PASSWORD_CONFIRMATION).type(password); // Submit\ncy.get(_registration[\"default\"].SUBMIT).click();",
              "err": {},
              "uuid": "033c7469-4bf3-44f6-87fe-a09b8486c120",
              "parentUUID": "29ede591-e423-41d5-bf6c-cba2e0b112d8",
              "isHook": false,
              "skipped": false
            }
          ],
          "suites": [],
          "passes": [
            "5cb8066c-ccdf-439c-9c55-f00ff863bb3e",
            "033c7469-4bf3-44f6-87fe-a09b8486c120"
          ],
          "failures": [],
          "pending": [],
          "skipped": [],
          "duration": 2605,
          "root": false,
          "rootEmpty": false,
          "_timeout": 2000
        }
      ],
      "passes": [],
      "failures": [],
      "pending": [],
      "skipped": [],
      "duration": 0,
      "root": true,
      "rootEmpty": true,
      "_timeout": 2000
    },
    {
      "uuid": "4b83caf6-47be-40c5-b559-ab16a18e1ee4",
      "title": "",
      "fullFile": "cypress/integration/test-spec.js",
      "file": "cypress/integration/test-spec.js",
      "beforeHooks": [],
      "afterHooks": [],
      "tests": [],
      "suites": [
        {
          "uuid": "a31958a0-53cc-41fa-9a9b-819689ce8d55",
          "title": "Canary Test",
          "fullFile": "",
          "file": "",
          "beforeHooks": [],
          "afterHooks": [],
          "tests": [
            {
              "title": "Canary test",
              "fullTitle": "Canary Test Canary test",
              "timedOut": null,
              "duration": 35,
              "state": "passed",
              "speed": "fast",
              "pass": true,
              "fail": false,
              "pending": false,
              "context": null,
              "code": "expect(1).to.equal(1);",
              "err": {},
              "uuid": "8ecc24b5-a4cd-40f2-a11c-fab832a8d629",
              "parentUUID": "a31958a0-53cc-41fa-9a9b-819689ce8d55",
              "isHook": false,
              "skipped": false
            }
          ],
          "suites": [],
          "passes": [
            "8ecc24b5-a4cd-40f2-a11c-fab832a8d629"
          ],
          "failures": [],
          "pending": [],
          "skipped": [],
          "duration": 35,
          "root": false,
          "rootEmpty": false,
          "_timeout": 2000
        }
      ],
      "passes": [],
      "failures": [],
      "pending": [],
      "skipped": [],
      "duration": 0,
      "root": true,
      "rootEmpty": true,
      "_timeout": 2000
    }
  ],
  "meta": {
    "mocha": {
      "version": "5.2.0"
    },
    "mochawesome": {
      "options": {
        "quiet": true,
        "reportFilename": "mochawesome",
        "saveHtml": false,
        "saveJson": true,
        "consoleReporter": "spec",
        "useInlineDiffs": false
      },
      "version": "4.1.0"
    },
    "marge": {
      "options": {
        "reportDir": "cypress/reports/integration/reports/mocha",
        "quiet": true,
        "html": false,
        "overwrite": false,
        "json": true
      },
      "version": "4.1.0"
    }
  }
}