{
  "stats": {
    "suites": 4,
    "tests": 6,
    "passes": 6,
    "pending": 0,
    "failures": 0,
    "start": "2020-03-27T04:57:54.728Z",
    "end": "2020-03-27T04:57:54.728Z",
    "duration": 6285,
    "testsRegistered": 6,
    "passPercent": 100,
    "pendingPercent": 0,
    "other": 0,
    "hasOther": false,
    "skipped": 0,
    "hasSkipped": false
  },
  "results": [
    {
      "uuid": "a9dcdecc-f39d-4e96-b5ac-84e7d6c6db0c",
      "title": "",
      "fullFile": "cypress/integration/API/user.js",
      "file": "cypress/integration/API/user.js",
      "beforeHooks": [],
      "afterHooks": [],
      "tests": [],
      "suites": [
        {
          "uuid": "a0bfbcbd-9a43-44a5-8664-9ed18a95fea6",
          "title": "API Tests",
          "fullFile": "",
          "file": "",
          "beforeHooks": [],
          "afterHooks": [],
          "tests": [
            {
              "title": "POST /auth/register - create new user",
              "fullTitle": "API Tests POST /auth/register - create new user",
              "timedOut": null,
              "duration": 217,
              "state": "passed",
              "speed": "slow",
              "pass": true,
              "fail": false,
              "pending": false,
              "context": null,
              "code": "cy.request('POST', \"\".concat(Cypress.config('apiUrl'), \"/auth/user\"), {\n  firstName: 'The',\n  lastName: 'Goat',\n  email: 'theGoat@GOAT.com',\n  password: 'Password1!'\n}).then(function (response) {\n  // response.body is automatically serialized into JSON\n  expect(response.body).to.have.property('firstName', 'The'); // true\n  cy.request('DELETE', \"\".concat(Cypress.config('apiUrl'), \"/auth/user/\").concat(response.body.id));\n});",
              "err": {},
              "uuid": "326d3f95-d4c8-4840-bd92-eae26673158b",
              "parentUUID": "a0bfbcbd-9a43-44a5-8664-9ed18a95fea6",
              "isHook": false,
              "skipped": false
            },
            {
              "title": "PUT /auth/user/:id - update a user",
              "fullTitle": "API Tests PUT /auth/user/:id - update a user",
              "timedOut": null,
              "duration": 149,
              "state": "passed",
              "speed": "slow",
              "pass": true,
              "fail": false,
              "pending": false,
              "context": null,
              "code": "cy.request('POST', \"\".concat(Cypress.config('apiUrl'), \"/auth/user\"), {\n  firstName: 'adff',\n  lastName: 'reee',\n  email: 'ranom',\n  password: 'Password1!'\n}).then(function (response) {\n  cy.request('PUT', \"\".concat(Cypress.config('apiUrl'), \"/auth/user/\").concat(response.body.id), {\n    firstName: 'anewname'\n  }).then(function (newResponse) {\n    expect(newResponse.status).to.equal(200);\n    cy.request('GET', \"\".concat(Cypress.config('apiUrl'), \"/auth/user/\").concat(response.body.id)).then(function (getRes) {\n      console.log('THE GET RESPONSE____________________ \\n\\r\\n' + getRes);\n      expect(getRes.status).to.equal(200); // expect(getRes.body.firstName).to.equal('anewname');\n      cy.request('DELETE', \"\".concat(Cypress.config('apiUrl'), \"/auth/user/\").concat(response.body.id)).then(function (deleteRes) {\n        expect(deleteRes.status).to.equal(200);\n      });\n    });\n  });\n});",
              "err": {},
              "uuid": "73e4fc5a-22ca-40d1-b284-ea5ff4fc3bff",
              "parentUUID": "a0bfbcbd-9a43-44a5-8664-9ed18a95fea6",
              "isHook": false,
              "skipped": false
            }
          ],
          "suites": [],
          "passes": [
            "326d3f95-d4c8-4840-bd92-eae26673158b",
            "73e4fc5a-22ca-40d1-b284-ea5ff4fc3bff"
          ],
          "failures": [],
          "pending": [],
          "skipped": [],
          "duration": 366,
          "root": false,
          "rootEmpty": false,
          "_timeout": 2000
        }
      ],
      "passes": [],
      "failures": [],
      "pending": [],
      "skipped": [],
      "duration": 0,
      "root": true,
      "rootEmpty": true,
      "_timeout": 2000
    },
    {
      "uuid": "cd3357ff-03c2-4dfd-a07c-e13dced8ca7a",
      "title": "",
      "fullFile": "cypress/integration/E2E/Registration/login.js",
      "file": "cypress/integration/E2E/Registration/login.js",
      "beforeHooks": [],
      "afterHooks": [],
      "tests": [],
      "suites": [
        {
          "uuid": "6893c85e-16c7-4b92-8c4c-e84f8546aecc",
          "title": "login",
          "fullFile": "",
          "file": "",
          "beforeHooks": [],
          "afterHooks": [],
          "tests": [
            {
              "title": "User can login",
              "fullTitle": "login User can login",
              "timedOut": null,
              "duration": 3432,
              "state": "passed",
              "speed": "slow",
              "pass": true,
              "fail": false,
              "pending": false,
              "context": null,
              "code": "var firstName = 'Charles2';\nvar lastName = 'Brady';\nvar email = 'theGoat2@gmail.com';\nvar password = 'Password1!';\ncy.visit('/registration'); // Fill out registration form\ncy.get(_registration[\"default\"].FIRST_NAME).type(firstName);\ncy.get(_registration[\"default\"].LAST_NAME).type(lastName);\ncy.get(_registration[\"default\"].EMAIL).type(email);\ncy.get(_registration[\"default\"].PASSWORD).type(password);\ncy.get(_registration[\"default\"].PASSWORD_CONFIRMATION).type(password); // Submit\ncy.get(_registration[\"default\"].SUBMIT).click(); // Redirects to login page\ncy.get(_login[\"default\"].EMAIL).type(email);\ncy.get(_login[\"default\"].PASSWORD).type(password);\ncy.get(_login[\"default\"].SUBMIT).click();",
              "err": {},
              "uuid": "67ef6b91-31f8-440a-aab2-3751e3f14562",
              "parentUUID": "6893c85e-16c7-4b92-8c4c-e84f8546aecc",
              "isHook": false,
              "skipped": false
            }
          ],
          "suites": [],
          "passes": [
            "67ef6b91-31f8-440a-aab2-3751e3f14562"
          ],
          "failures": [],
          "pending": [],
          "skipped": [],
          "duration": 3432,
          "root": false,
          "rootEmpty": false,
          "_timeout": 2000
        }
      ],
      "passes": [],
      "failures": [],
      "pending": [],
      "skipped": [],
      "duration": 0,
      "root": true,
      "rootEmpty": true,
      "_timeout": 2000
    },
    {
      "uuid": "f56a0493-d41c-4a81-9488-1c6f967c9d0c",
      "title": "",
      "fullFile": "cypress/integration/E2E/Registration/registerUser.js",
      "file": "cypress/integration/E2E/Registration/registerUser.js",
      "beforeHooks": [],
      "afterHooks": [],
      "tests": [],
      "suites": [
        {
          "uuid": "30ce3173-9f60-4354-be47-469622eaab18",
          "title": "register",
          "fullFile": "",
          "file": "",
          "beforeHooks": [],
          "afterHooks": [],
          "tests": [
            {
              "title": "User can visit registration page",
              "fullTitle": "register User can visit registration page",
              "timedOut": null,
              "duration": 723,
              "state": "passed",
              "speed": "slow",
              "pass": true,
              "fail": false,
              "pending": false,
              "context": null,
              "code": "cy.visit('/register');",
              "err": {},
              "uuid": "55e73288-8797-416b-9c75-164405cbd426",
              "parentUUID": "30ce3173-9f60-4354-be47-469622eaab18",
              "isHook": false,
              "skipped": false
            },
            {
              "title": "Can register a new a user",
              "fullTitle": "register Can register a new a user",
              "timedOut": null,
              "duration": 1685,
              "state": "passed",
              "speed": "slow",
              "pass": true,
              "fail": false,
              "pending": false,
              "context": null,
              "code": "var firstName = 'Charles';\nvar lastName = 'Brady';\nvar email = 'theGoat@gmail.com';\nvar password = 'Password1!';\ncy.visit('/registration'); // Fill out form\ncy.get(_registration[\"default\"].FIRST_NAME).type(firstName);\ncy.get(_registration[\"default\"].LAST_NAME).type(lastName);\ncy.get(_registration[\"default\"].EMAIL).type(email);\ncy.get(_registration[\"default\"].PASSWORD).type(password);\ncy.get(_registration[\"default\"].PASSWORD_CONFIRMATION).type(password); // Submit\ncy.get(_registration[\"default\"].SUBMIT).click();",
              "err": {},
              "uuid": "8ed9a4ad-5b11-42bd-bfa3-859d4e3914a3",
              "parentUUID": "30ce3173-9f60-4354-be47-469622eaab18",
              "isHook": false,
              "skipped": false
            }
          ],
          "suites": [],
          "passes": [
            "55e73288-8797-416b-9c75-164405cbd426",
            "8ed9a4ad-5b11-42bd-bfa3-859d4e3914a3"
          ],
          "failures": [],
          "pending": [],
          "skipped": [],
          "duration": 2408,
          "root": false,
          "rootEmpty": false,
          "_timeout": 2000
        }
      ],
      "passes": [],
      "failures": [],
      "pending": [],
      "skipped": [],
      "duration": 0,
      "root": true,
      "rootEmpty": true,
      "_timeout": 2000
    },
    {
      "uuid": "2c461f37-6b08-4758-aad3-78816b210d62",
      "title": "",
      "fullFile": "cypress/integration/test-spec.js",
      "file": "cypress/integration/test-spec.js",
      "beforeHooks": [],
      "afterHooks": [],
      "tests": [],
      "suites": [
        {
          "uuid": "35af6ca8-0a92-42e2-986f-a74fc43caed3",
          "title": "Canary Test",
          "fullFile": "",
          "file": "",
          "beforeHooks": [],
          "afterHooks": [],
          "tests": [
            {
              "title": "Canary test",
              "fullTitle": "Canary Test Canary test",
              "timedOut": null,
              "duration": 79,
              "state": "passed",
              "speed": "slow",
              "pass": true,
              "fail": false,
              "pending": false,
              "context": null,
              "code": "expect(1).to.equal(1);",
              "err": {},
              "uuid": "f1b909c6-24a2-46a7-9b50-f8eab1245448",
              "parentUUID": "35af6ca8-0a92-42e2-986f-a74fc43caed3",
              "isHook": false,
              "skipped": false
            }
          ],
          "suites": [],
          "passes": [
            "f1b909c6-24a2-46a7-9b50-f8eab1245448"
          ],
          "failures": [],
          "pending": [],
          "skipped": [],
          "duration": 79,
          "root": false,
          "rootEmpty": false,
          "_timeout": 2000
        }
      ],
      "passes": [],
      "failures": [],
      "pending": [],
      "skipped": [],
      "duration": 0,
      "root": true,
      "rootEmpty": true,
      "_timeout": 2000
    }
  ],
  "meta": {
    "mocha": {
      "version": "5.2.0"
    },
    "mochawesome": {
      "options": {
        "quiet": true,
        "reportFilename": "mochawesome",
        "saveHtml": false,
        "saveJson": true,
        "consoleReporter": "spec",
        "useInlineDiffs": false
      },
      "version": "4.1.0"
    },
    "marge": {
      "options": {
        "reportDir": "cypress/reports/integration/reports/mocha",
        "quiet": true,
        "html": false,
        "overwrite": false,
        "json": true
      },
      "version": "4.1.0"
    }
  }
}