{
  "stats": {
    "suites": 5,
    "tests": 8,
    "passes": 8,
    "pending": 0,
    "failures": 0,
    "start": "2020-03-28T06:22:12.851Z",
    "end": "2020-03-28T06:22:12.851Z",
    "duration": 14879,
    "testsRegistered": 8,
    "passPercent": 100,
    "pendingPercent": 0,
    "other": 0,
    "hasOther": false,
    "skipped": 0,
    "hasSkipped": false
  },
  "results": [
    {
      "uuid": "e29cb039-7607-42ac-9cc8-549dceb9654b",
      "title": "",
      "fullFile": "cypress/integration/API/user.js",
      "file": "cypress/integration/API/user.js",
      "beforeHooks": [],
      "afterHooks": [],
      "tests": [],
      "suites": [
        {
          "uuid": "4161e440-41e3-48e2-b8ed-38d4aea317d8",
          "title": "API Tests",
          "fullFile": "",
          "file": "",
          "beforeHooks": [],
          "afterHooks": [],
          "tests": [
            {
              "title": "POST /auth/register - create new user",
              "fullTitle": "API Tests POST /auth/register - create new user",
              "timedOut": null,
              "duration": 246,
              "state": "passed",
              "speed": "slow",
              "pass": true,
              "fail": false,
              "pending": false,
              "context": null,
              "code": "cy.request('POST', \"\".concat(Cypress.config('apiUrl'), \"/auth/user\"), {\n  firstName: 'The',\n  lastName: 'Goat',\n  email: 'theGoat@GOAT.com',\n  password: 'Password1!'\n}).then(function (response) {\n  // response.body is automatically serialized into JSON\n  expect(response.body).to.have.property('firstName', 'The'); // true\n  cy.request('DELETE', \"\".concat(Cypress.config('apiUrl'), \"/auth/user/\").concat(response.body.id));\n});",
              "err": {},
              "uuid": "4971ca09-c1c0-45c2-b407-6dee50ab1db7",
              "parentUUID": "4161e440-41e3-48e2-b8ed-38d4aea317d8",
              "isHook": false,
              "skipped": false
            },
            {
              "title": "PUT /auth/user/:id - update a user",
              "fullTitle": "API Tests PUT /auth/user/:id - update a user",
              "timedOut": null,
              "duration": 171,
              "state": "passed",
              "speed": "slow",
              "pass": true,
              "fail": false,
              "pending": false,
              "context": null,
              "code": "cy.request('POST', \"\".concat(Cypress.config('apiUrl'), \"/auth/user\"), {\n  firstName: 'adff',\n  lastName: 'reee',\n  email: 'ranom',\n  password: 'Password1!'\n}).then(function (response) {\n  cy.request('PUT', \"\".concat(Cypress.config('apiUrl'), \"/auth/user/\").concat(response.body.id), {\n    firstName: 'anewname'\n  }).then(function (newResponse) {\n    expect(newResponse.status).to.equal(200);\n    cy.request('GET', \"\".concat(Cypress.config('apiUrl'), \"/auth/user/\").concat(response.body.id)).then(function (getRes) {\n      console.log('THE GET RESPONSE____________________ \\n\\r\\n' + getRes);\n      expect(getRes.status).to.equal(200); // expect(getRes.body.firstName).to.equal('anewname');\n      cy.request('DELETE', \"\".concat(Cypress.config('apiUrl'), \"/auth/user/\").concat(response.body.id)).then(function (deleteRes) {\n        expect(deleteRes.status).to.equal(200);\n      });\n    });\n  });\n});",
              "err": {},
              "uuid": "581f4e6b-9ce6-4c80-860e-8615b77f63f2",
              "parentUUID": "4161e440-41e3-48e2-b8ed-38d4aea317d8",
              "isHook": false,
              "skipped": false
            }
          ],
          "suites": [],
          "passes": [
            "4971ca09-c1c0-45c2-b407-6dee50ab1db7",
            "581f4e6b-9ce6-4c80-860e-8615b77f63f2"
          ],
          "failures": [],
          "pending": [],
          "skipped": [],
          "duration": 417,
          "root": false,
          "rootEmpty": false,
          "_timeout": 2000
        }
      ],
      "passes": [],
      "failures": [],
      "pending": [],
      "skipped": [],
      "duration": 0,
      "root": true,
      "rootEmpty": true,
      "_timeout": 2000
    },
    {
      "uuid": "6cef45e0-055c-4e87-bc0b-fbaafcb48306",
      "title": "",
      "fullFile": "cypress/integration/E2E/Registration/login.js",
      "file": "cypress/integration/E2E/Registration/login.js",
      "beforeHooks": [],
      "afterHooks": [],
      "tests": [],
      "suites": [
        {
          "uuid": "392c3f2e-eb67-415c-bfb0-c618476b849c",
          "title": "login",
          "fullFile": "",
          "file": "",
          "beforeHooks": [],
          "afterHooks": [],
          "tests": [
            {
              "title": "User can login",
              "fullTitle": "login User can login",
              "timedOut": null,
              "duration": 4256,
              "state": "passed",
              "speed": "slow",
              "pass": true,
              "fail": false,
              "pending": false,
              "context": null,
              "code": "var user = {\n  firstName: 'Alpha',\n  lastName: 'Bravos',\n  email: 'alpha.bravos@gmail.com',\n  password: 'Password1!',\n  passwordConfirmation: 'Password1!'\n};\ncy.visit('/registration'); // Fill out registration form\ncy.fillRegistration(user); // Submit\ncy.get(_index[\"default\"].Registration.SUBMIT).click(); // Redirects to login page\ncy.login(user);\ncy.get(_index[\"default\"].Login.SUBMIT).click();",
              "err": {},
              "uuid": "87798e50-1bb4-4c23-a9bd-2ebbd520730b",
              "parentUUID": "392c3f2e-eb67-415c-bfb0-c618476b849c",
              "isHook": false,
              "skipped": false
            }
          ],
          "suites": [],
          "passes": [
            "87798e50-1bb4-4c23-a9bd-2ebbd520730b"
          ],
          "failures": [],
          "pending": [],
          "skipped": [],
          "duration": 4256,
          "root": false,
          "rootEmpty": false,
          "_timeout": 2000
        }
      ],
      "passes": [],
      "failures": [],
      "pending": [],
      "skipped": [],
      "duration": 0,
      "root": true,
      "rootEmpty": true,
      "_timeout": 2000
    },
    {
      "uuid": "b7bd24ec-6e8b-450c-bd1e-a3c9f3e66b29",
      "title": "",
      "fullFile": "cypress/integration/E2E/Registration/registerUser.js",
      "file": "cypress/integration/E2E/Registration/registerUser.js",
      "beforeHooks": [],
      "afterHooks": [],
      "tests": [],
      "suites": [
        {
          "uuid": "572b67b6-1f5a-4730-a921-d5dbd2fae08c",
          "title": "register",
          "fullFile": "",
          "file": "",
          "beforeHooks": [],
          "afterHooks": [],
          "tests": [
            {
              "title": "User can visit registration page",
              "fullTitle": "register User can visit registration page",
              "timedOut": null,
              "duration": 947,
              "state": "passed",
              "speed": "slow",
              "pass": true,
              "fail": false,
              "pending": false,
              "context": null,
              "code": "cy.visit('/');\ncy.get(_index[\"default\"].Login.TO_REGISTRATION).click();",
              "err": {},
              "uuid": "758dfb38-d7f6-4465-a3f6-48c508fe9301",
              "parentUUID": "572b67b6-1f5a-4730-a921-d5dbd2fae08c",
              "isHook": false,
              "skipped": false
            },
            {
              "title": "Can register a new a user",
              "fullTitle": "register Can register a new a user",
              "timedOut": null,
              "duration": 1916,
              "state": "passed",
              "speed": "slow",
              "pass": true,
              "fail": false,
              "pending": false,
              "context": null,
              "code": "var user = {\n  firstName: 'Cotta',\n  lastName: 'Terra',\n  email: 'Cotta.Terra@gmail.com',\n  password: 'Password1!',\n  passwordConfirmation: 'Password1!'\n};\ncy.visit('/');\ncy.get(_index[\"default\"].Login.TO_REGISTRATION).click(); // Fill out form\ncy.fillRegistration(user); // // Submit\ncy.get(_index[\"default\"].Registration.SUBMIT).click();",
              "err": {},
              "uuid": "ab211e0b-8a9e-47db-a90f-7d9711542886",
              "parentUUID": "572b67b6-1f5a-4730-a921-d5dbd2fae08c",
              "isHook": false,
              "skipped": false
            }
          ],
          "suites": [],
          "passes": [
            "758dfb38-d7f6-4465-a3f6-48c508fe9301",
            "ab211e0b-8a9e-47db-a90f-7d9711542886"
          ],
          "failures": [],
          "pending": [],
          "skipped": [],
          "duration": 2863,
          "root": false,
          "rootEmpty": false,
          "_timeout": 2000
        }
      ],
      "passes": [],
      "failures": [],
      "pending": [],
      "skipped": [],
      "duration": 0,
      "root": true,
      "rootEmpty": true,
      "_timeout": 2000
    },
    {
      "uuid": "f4f2cfc0-1815-4a48-8e64-39bc9cec1b36",
      "title": "",
      "fullFile": "cypress/integration/E2E/Sprint/createSprint.js",
      "file": "cypress/integration/E2E/Sprint/createSprint.js",
      "beforeHooks": [],
      "afterHooks": [],
      "tests": [],
      "suites": [
        {
          "uuid": "5e28616a-8550-4dc5-bef1-2d3c1068c166",
          "title": "create sprint",
          "fullFile": "",
          "file": "",
          "beforeHooks": [],
          "afterHooks": [],
          "tests": [
            {
              "title": "can create sprint",
              "fullTitle": "create sprint can create sprint",
              "timedOut": null,
              "duration": 3816,
              "state": "passed",
              "speed": "slow",
              "pass": true,
              "fail": false,
              "pending": false,
              "context": null,
              "code": "var sprint = {\n  name: 'Alpha',\n  startDate: null,\n  endDate: null\n};\nvar user = {\n  firstName: 'Alpha',\n  lastName: 'Bravo',\n  email: 'alpha.bravo@gmail.com',\n  password: 'Password1!',\n  passwordConfirmation: 'Password1!'\n};\ncy.visit('/registration'); // Fill out registration form\ncy.fillRegistration(user); // Submit\ncy.get(_index[\"default\"].Registration.SUBMIT).click(); // Redirects to login page\ncy.login(user);\ncy.get(_index[\"default\"].Login.SUBMIT).click();\ncy.get(_index[\"default\"].Dashboard.CREATE_SPRINT_BUTTON).click();\ncy.get(_index[\"default\"].CreateSprintModal.NAME).type('Alpha');\ncy.get(_index[\"default\"].CreateSprintModal.SUBMIT).click();",
              "err": {},
              "uuid": "b436eb66-ee06-4011-a3c9-fe6a43a95f8a",
              "parentUUID": "5e28616a-8550-4dc5-bef1-2d3c1068c166",
              "isHook": false,
              "skipped": false
            },
            {
              "title": "can create multiple sprints",
              "fullTitle": "create sprint can create multiple sprints",
              "timedOut": null,
              "duration": 3491,
              "state": "passed",
              "speed": "slow",
              "pass": true,
              "fail": false,
              "pending": false,
              "context": null,
              "code": "var sprintOne = 'Alpha';\nvar sprintTwo = 'Bravo';\nvar user = {\n  firstName: 'Charlie',\n  lastName: 'Davos',\n  email: 'Charlie.Daveos@gmail.com',\n  password: 'Password1!',\n  passwordConfirmation: 'Password1!'\n};\ncy.visit('/registration'); // Fill out registration form\ncy.fillRegistration(user); // Submit\ncy.get(_index[\"default\"].Registration.SUBMIT).click(); // Redirects to login page\ncy.login(user);\ncy.get(_index[\"default\"].Login.SUBMIT).click();\ncy.get(_index[\"default\"].Dashboard.CREATE_SPRINT_BUTTON).click();\ncy.get(_index[\"default\"].CreateSprintModal.NAME).type(sprintOne);\ncy.get(_index[\"default\"].CreateSprintModal.SUBMIT).click();\ncy.get(_index[\"default\"].Dashboard.CREATE_SPRINT_BUTTON).click();\ncy.get(_index[\"default\"].CreateSprintModal.NAME).type(sprintTwo);\ncy.get(_index[\"default\"].CreateSprintModal.SUBMIT).click();",
              "err": {},
              "uuid": "3919564a-b532-47fa-889c-0ef6ecd37cf2",
              "parentUUID": "5e28616a-8550-4dc5-bef1-2d3c1068c166",
              "isHook": false,
              "skipped": false
            }
          ],
          "suites": [],
          "passes": [
            "b436eb66-ee06-4011-a3c9-fe6a43a95f8a",
            "3919564a-b532-47fa-889c-0ef6ecd37cf2"
          ],
          "failures": [],
          "pending": [],
          "skipped": [],
          "duration": 7307,
          "root": false,
          "rootEmpty": false,
          "_timeout": 2000
        }
      ],
      "passes": [],
      "failures": [],
      "pending": [],
      "skipped": [],
      "duration": 0,
      "root": true,
      "rootEmpty": true,
      "_timeout": 2000
    },
    {
      "uuid": "30d3c5f3-5123-4620-ae36-9b33de2134d3",
      "title": "",
      "fullFile": "cypress/integration/test-spec.js",
      "file": "cypress/integration/test-spec.js",
      "beforeHooks": [],
      "afterHooks": [],
      "tests": [],
      "suites": [
        {
          "uuid": "486faef1-fcb7-4bce-8511-c4bbe922b96c",
          "title": "Canary Test",
          "fullFile": "",
          "file": "",
          "beforeHooks": [],
          "afterHooks": [],
          "tests": [
            {
              "title": "Canary test",
              "fullTitle": "Canary Test Canary test",
              "timedOut": null,
              "duration": 36,
              "state": "passed",
              "speed": "fast",
              "pass": true,
              "fail": false,
              "pending": false,
              "context": null,
              "code": "expect(1).to.equal(1);",
              "err": {},
              "uuid": "43924ab6-2a85-41e5-950d-0f09132fe83d",
              "parentUUID": "486faef1-fcb7-4bce-8511-c4bbe922b96c",
              "isHook": false,
              "skipped": false
            }
          ],
          "suites": [],
          "passes": [
            "43924ab6-2a85-41e5-950d-0f09132fe83d"
          ],
          "failures": [],
          "pending": [],
          "skipped": [],
          "duration": 36,
          "root": false,
          "rootEmpty": false,
          "_timeout": 2000
        }
      ],
      "passes": [],
      "failures": [],
      "pending": [],
      "skipped": [],
      "duration": 0,
      "root": true,
      "rootEmpty": true,
      "_timeout": 2000
    }
  ],
  "meta": {
    "mocha": {
      "version": "5.2.0"
    },
    "mochawesome": {
      "options": {
        "quiet": true,
        "reportFilename": "mochawesome",
        "saveHtml": false,
        "saveJson": true,
        "consoleReporter": "spec",
        "useInlineDiffs": false
      },
      "version": "4.1.0"
    },
    "marge": {
      "options": {
        "reportDir": "cypress/reports/integration/reports/mocha",
        "quiet": true,
        "html": false,
        "overwrite": false,
        "json": true
      },
      "version": "4.1.0"
    }
  }
}