{
  "stats": {
    "suites": 4,
    "tests": 6,
    "passes": 6,
    "pending": 0,
    "failures": 0,
    "start": "2020-03-27T21:41:13.313Z",
    "end": "2020-03-27T21:41:13.313Z",
    "duration": 6117,
    "testsRegistered": 6,
    "passPercent": 100,
    "pendingPercent": 0,
    "other": 0,
    "hasOther": false,
    "skipped": 0,
    "hasSkipped": false
  },
  "results": [
    {
      "uuid": "9f91351b-dd22-4849-baca-5e46310c1f6b",
      "title": "",
      "fullFile": "cypress/integration/API/user.js",
      "file": "cypress/integration/API/user.js",
      "beforeHooks": [],
      "afterHooks": [],
      "tests": [],
      "suites": [
        {
          "uuid": "eba84353-c25c-4153-99d4-c5f65653619b",
          "title": "API Tests",
          "fullFile": "",
          "file": "",
          "beforeHooks": [],
          "afterHooks": [],
          "tests": [
            {
              "title": "POST /auth/register - create new user",
              "fullTitle": "API Tests POST /auth/register - create new user",
              "timedOut": null,
              "duration": 296,
              "state": "passed",
              "speed": "slow",
              "pass": true,
              "fail": false,
              "pending": false,
              "context": null,
              "code": "cy.request('POST', \"\".concat(Cypress.config('apiUrl'), \"/auth/user\"), {\n  firstName: 'The',\n  lastName: 'Goat',\n  email: 'theGoat@GOAT.com',\n  password: 'Password1!'\n}).then(function (response) {\n  // response.body is automatically serialized into JSON\n  expect(response.body).to.have.property('firstName', 'The'); // true\n  cy.request('DELETE', \"\".concat(Cypress.config('apiUrl'), \"/auth/user/\").concat(response.body.id));\n});",
              "err": {},
              "uuid": "01de3e63-aefa-4d6f-8b68-c2d9c6142c41",
              "parentUUID": "eba84353-c25c-4153-99d4-c5f65653619b",
              "isHook": false,
              "skipped": false
            },
            {
              "title": "PUT /auth/user/:id - update a user",
              "fullTitle": "API Tests PUT /auth/user/:id - update a user",
              "timedOut": null,
              "duration": 183,
              "state": "passed",
              "speed": "slow",
              "pass": true,
              "fail": false,
              "pending": false,
              "context": null,
              "code": "cy.request('POST', \"\".concat(Cypress.config('apiUrl'), \"/auth/user\"), {\n  firstName: 'adff',\n  lastName: 'reee',\n  email: 'ranom',\n  password: 'Password1!'\n}).then(function (response) {\n  cy.request('PUT', \"\".concat(Cypress.config('apiUrl'), \"/auth/user/\").concat(response.body.id), {\n    firstName: 'anewname'\n  }).then(function (newResponse) {\n    expect(newResponse.status).to.equal(200);\n    cy.request('GET', \"\".concat(Cypress.config('apiUrl'), \"/auth/user/\").concat(response.body.id)).then(function (getRes) {\n      console.log('THE GET RESPONSE____________________ \\n\\r\\n' + getRes);\n      expect(getRes.status).to.equal(200); // expect(getRes.body.firstName).to.equal('anewname');\n      cy.request('DELETE', \"\".concat(Cypress.config('apiUrl'), \"/auth/user/\").concat(response.body.id)).then(function (deleteRes) {\n        expect(deleteRes.status).to.equal(200);\n      });\n    });\n  });\n});",
              "err": {},
              "uuid": "21fc3862-2bff-49e4-a3a1-399c73e104be",
              "parentUUID": "eba84353-c25c-4153-99d4-c5f65653619b",
              "isHook": false,
              "skipped": false
            }
          ],
          "suites": [],
          "passes": [
            "01de3e63-aefa-4d6f-8b68-c2d9c6142c41",
            "21fc3862-2bff-49e4-a3a1-399c73e104be"
          ],
          "failures": [],
          "pending": [],
          "skipped": [],
          "duration": 479,
          "root": false,
          "rootEmpty": false,
          "_timeout": 2000
        }
      ],
      "passes": [],
      "failures": [],
      "pending": [],
      "skipped": [],
      "duration": 0,
      "root": true,
      "rootEmpty": true,
      "_timeout": 2000
    },
    {
      "uuid": "d1324020-7754-4ba7-bc66-b9107cd1446b",
      "title": "",
      "fullFile": "cypress/integration/E2E/Registration/login.js",
      "file": "cypress/integration/E2E/Registration/login.js",
      "beforeHooks": [],
      "afterHooks": [],
      "tests": [],
      "suites": [
        {
          "uuid": "c1767320-8e3b-428a-91fa-0b96b51056aa",
          "title": "login",
          "fullFile": "",
          "file": "",
          "beforeHooks": [],
          "afterHooks": [],
          "tests": [
            {
              "title": "User can login",
              "fullTitle": "login User can login",
              "timedOut": null,
              "duration": 3236,
              "state": "passed",
              "speed": "slow",
              "pass": true,
              "fail": false,
              "pending": false,
              "context": null,
              "code": "var firstName = 'Charles2';\nvar lastName = 'Brady';\nvar email = 'theGoat2@gmail.com';\nvar password = 'Password1!';\ncy.visit('/registration'); // Fill out registration form\ncy.get(_registration[\"default\"].FIRST_NAME).type(firstName);\ncy.get(_registration[\"default\"].LAST_NAME).type(lastName);\ncy.get(_registration[\"default\"].EMAIL).type(email);\ncy.get(_registration[\"default\"].PASSWORD).type(password);\ncy.get(_registration[\"default\"].PASSWORD_CONFIRMATION).type(password); // Submit\ncy.get(_registration[\"default\"].SUBMIT).click(); // Redirects to login page\ncy.get(_login[\"default\"].EMAIL).type(email);\ncy.get(_login[\"default\"].PASSWORD).type(password);\ncy.get(_login[\"default\"].SUBMIT).click();",
              "err": {},
              "uuid": "e0202356-1e66-46c8-9fb9-ad9b3aa6fd7d",
              "parentUUID": "c1767320-8e3b-428a-91fa-0b96b51056aa",
              "isHook": false,
              "skipped": false
            }
          ],
          "suites": [],
          "passes": [
            "e0202356-1e66-46c8-9fb9-ad9b3aa6fd7d"
          ],
          "failures": [],
          "pending": [],
          "skipped": [],
          "duration": 3236,
          "root": false,
          "rootEmpty": false,
          "_timeout": 2000
        }
      ],
      "passes": [],
      "failures": [],
      "pending": [],
      "skipped": [],
      "duration": 0,
      "root": true,
      "rootEmpty": true,
      "_timeout": 2000
    },
    {
      "uuid": "3557e249-4366-4693-bf90-9b227d3f604d",
      "title": "",
      "fullFile": "cypress/integration/E2E/Registration/registerUser.js",
      "file": "cypress/integration/E2E/Registration/registerUser.js",
      "beforeHooks": [],
      "afterHooks": [],
      "tests": [],
      "suites": [
        {
          "uuid": "6d5d527d-e245-4f4a-98c8-9b5b1bc9348f",
          "title": "register",
          "fullFile": "",
          "file": "",
          "beforeHooks": [],
          "afterHooks": [],
          "tests": [
            {
              "title": "User can visit registration page",
              "fullTitle": "register User can visit registration page",
              "timedOut": null,
              "duration": 623,
              "state": "passed",
              "speed": "slow",
              "pass": true,
              "fail": false,
              "pending": false,
              "context": null,
              "code": "cy.visit('/register');",
              "err": {},
              "uuid": "8a23f0d9-9fd1-498d-936b-47ac3cb0b288",
              "parentUUID": "6d5d527d-e245-4f4a-98c8-9b5b1bc9348f",
              "isHook": false,
              "skipped": false
            },
            {
              "title": "Can register a new a user",
              "fullTitle": "register Can register a new a user",
              "timedOut": null,
              "duration": 1720,
              "state": "passed",
              "speed": "slow",
              "pass": true,
              "fail": false,
              "pending": false,
              "context": null,
              "code": "var firstName = 'Charles';\nvar lastName = 'Brady';\nvar email = 'theGoat@gmail.com';\nvar password = 'Password1!';\ncy.visit('/registration'); // Fill out form\ncy.get(_registration[\"default\"].FIRST_NAME).type(firstName);\ncy.get(_registration[\"default\"].LAST_NAME).type(lastName);\ncy.get(_registration[\"default\"].EMAIL).type(email);\ncy.get(_registration[\"default\"].PASSWORD).type(password);\ncy.get(_registration[\"default\"].PASSWORD_CONFIRMATION).type(password); // Submit\ncy.get(_registration[\"default\"].SUBMIT).click();",
              "err": {},
              "uuid": "eb639d35-9b5f-41f5-8056-8b4997daf788",
              "parentUUID": "6d5d527d-e245-4f4a-98c8-9b5b1bc9348f",
              "isHook": false,
              "skipped": false
            }
          ],
          "suites": [],
          "passes": [
            "8a23f0d9-9fd1-498d-936b-47ac3cb0b288",
            "eb639d35-9b5f-41f5-8056-8b4997daf788"
          ],
          "failures": [],
          "pending": [],
          "skipped": [],
          "duration": 2343,
          "root": false,
          "rootEmpty": false,
          "_timeout": 2000
        }
      ],
      "passes": [],
      "failures": [],
      "pending": [],
      "skipped": [],
      "duration": 0,
      "root": true,
      "rootEmpty": true,
      "_timeout": 2000
    },
    {
      "uuid": "0ac543f6-6e76-4edf-8cf9-559653afbb76",
      "title": "",
      "fullFile": "cypress/integration/test-spec.js",
      "file": "cypress/integration/test-spec.js",
      "beforeHooks": [],
      "afterHooks": [],
      "tests": [],
      "suites": [
        {
          "uuid": "0d7ea37e-4e4b-48eb-b0a5-dd3d340381fa",
          "title": "Canary Test",
          "fullFile": "",
          "file": "",
          "beforeHooks": [],
          "afterHooks": [],
          "tests": [
            {
              "title": "Canary test",
              "fullTitle": "Canary Test Canary test",
              "timedOut": null,
              "duration": 59,
              "state": "passed",
              "speed": "medium",
              "pass": true,
              "fail": false,
              "pending": false,
              "context": null,
              "code": "expect(1).to.equal(1);",
              "err": {},
              "uuid": "cda49509-52c5-4548-993c-2cb9ad2989b3",
              "parentUUID": "0d7ea37e-4e4b-48eb-b0a5-dd3d340381fa",
              "isHook": false,
              "skipped": false
            }
          ],
          "suites": [],
          "passes": [
            "cda49509-52c5-4548-993c-2cb9ad2989b3"
          ],
          "failures": [],
          "pending": [],
          "skipped": [],
          "duration": 59,
          "root": false,
          "rootEmpty": false,
          "_timeout": 2000
        }
      ],
      "passes": [],
      "failures": [],
      "pending": [],
      "skipped": [],
      "duration": 0,
      "root": true,
      "rootEmpty": true,
      "_timeout": 2000
    }
  ],
  "meta": {
    "mocha": {
      "version": "5.2.0"
    },
    "mochawesome": {
      "options": {
        "quiet": true,
        "reportFilename": "mochawesome",
        "saveHtml": false,
        "saveJson": true,
        "consoleReporter": "spec",
        "useInlineDiffs": false
      },
      "version": "4.1.0"
    },
    "marge": {
      "options": {
        "reportDir": "cypress/reports/integration/reports/mocha",
        "quiet": true,
        "html": false,
        "overwrite": false,
        "json": true
      },
      "version": "4.1.0"
    }
  }
}