{
  "stats": {
    "suites": 1,
    "tests": 2,
    "passes": 2,
    "pending": 0,
    "failures": 0,
    "start": "2020-03-27T23:27:30.818Z",
    "end": "2020-03-27T23:27:31.684Z",
    "duration": 866,
    "testsRegistered": 2,
    "passPercent": 100,
    "pendingPercent": 0,
    "other": 0,
    "hasOther": false,
    "skipped": 0,
    "hasSkipped": false
  },
  "results": [
    {
      "uuid": "4be44f3f-d523-4afc-9354-286bc69b6127",
      "title": "",
      "fullFile": "cypress/integration/API/user.js",
      "file": "cypress/integration/API/user.js",
      "beforeHooks": [],
      "afterHooks": [],
      "tests": [],
      "suites": [
        {
          "uuid": "9afb8492-c61f-4b3b-a6ad-9f074edcd518",
          "title": "API Tests",
          "fullFile": "",
          "file": "",
          "beforeHooks": [],
          "afterHooks": [],
          "tests": [
            {
              "title": "POST /auth/register - create new user",
              "fullTitle": "API Tests POST /auth/register - create new user",
              "timedOut": null,
              "duration": 217,
              "state": "passed",
              "speed": "slow",
              "pass": true,
              "fail": false,
              "pending": false,
              "context": null,
              "code": "cy.request('POST', \"\".concat(Cypress.config('apiUrl'), \"/auth/user\"), {\n  firstName: 'The',\n  lastName: 'Goat',\n  email: 'theGoat@GOAT.com',\n  password: 'Password1!'\n}).then(function (response) {\n  // response.body is automatically serialized into JSON\n  expect(response.body).to.have.property('firstName', 'The'); // true\n  cy.request('DELETE', \"\".concat(Cypress.config('apiUrl'), \"/auth/user/\").concat(response.body.id));\n});",
              "err": {},
              "uuid": "ecdb95f8-f27a-43b0-827f-bacdb7920cd3",
              "parentUUID": "9afb8492-c61f-4b3b-a6ad-9f074edcd518",
              "isHook": false,
              "skipped": false
            },
            {
              "title": "PUT /auth/user/:id - update a user",
              "fullTitle": "API Tests PUT /auth/user/:id - update a user",
              "timedOut": null,
              "duration": 154,
              "state": "passed",
              "speed": "slow",
              "pass": true,
              "fail": false,
              "pending": false,
              "context": null,
              "code": "cy.request('POST', \"\".concat(Cypress.config('apiUrl'), \"/auth/user\"), {\n  firstName: 'adff',\n  lastName: 'reee',\n  email: 'ranom',\n  password: 'Password1!'\n}).then(function (response) {\n  cy.request('PUT', \"\".concat(Cypress.config('apiUrl'), \"/auth/user/\").concat(response.body.id), {\n    firstName: 'anewname'\n  }).then(function (newResponse) {\n    expect(newResponse.status).to.equal(200);\n    cy.request('GET', \"\".concat(Cypress.config('apiUrl'), \"/auth/user/\").concat(response.body.id)).then(function (getRes) {\n      console.log('THE GET RESPONSE____________________ \\n\\r\\n' + getRes);\n      expect(getRes.status).to.equal(200); // expect(getRes.body.firstName).to.equal('anewname');\n      cy.request('DELETE', \"\".concat(Cypress.config('apiUrl'), \"/auth/user/\").concat(response.body.id)).then(function (deleteRes) {\n        expect(deleteRes.status).to.equal(200);\n      });\n    });\n  });\n});",
              "err": {},
              "uuid": "7b796735-e118-49f9-97aa-2cb8b08d5338",
              "parentUUID": "9afb8492-c61f-4b3b-a6ad-9f074edcd518",
              "isHook": false,
              "skipped": false
            }
          ],
          "suites": [],
          "passes": [
            "ecdb95f8-f27a-43b0-827f-bacdb7920cd3",
            "7b796735-e118-49f9-97aa-2cb8b08d5338"
          ],
          "failures": [],
          "pending": [],
          "skipped": [],
          "duration": 371,
          "root": false,
          "rootEmpty": false,
          "_timeout": 2000
        }
      ],
      "passes": [],
      "failures": [],
      "pending": [],
      "skipped": [],
      "duration": 0,
      "root": true,
      "rootEmpty": true,
      "_timeout": 2000
    }
  ],
  "meta": {
    "mocha": {
      "version": "5.2.0"
    },
    "mochawesome": {
      "options": {
        "quiet": true,
        "reportFilename": "mochawesome",
        "saveHtml": false,
        "saveJson": true,
        "consoleReporter": "spec",
        "useInlineDiffs": false
      },
      "version": "4.1.0"
    },
    "marge": {
      "options": {
        "reportDir": "cypress/reports/integration/reports/mocha",
        "quiet": true,
        "html": false,
        "overwrite": false,
        "json": true
      },
      "version": "4.1.0"
    }
  }
}